#
# A fatal error has been detected by the Java Runtime Environment:
#
#  Internal Error (generateOopMap.cpp:2164), pid=20192, tid=19252
#  fatal error: Illegal class file encountered. Try running with -Xverify:all in method read
#
# JRE version: Java(TM) SE Runtime Environment (16.0.1+9) (build 16.0.1+9-24)
# Java VM: Java HotSpot(TM) 64-Bit Server VM (16.0.1+9-24, mixed mode, sharing, tiered, compressed oops, compressed class ptrs, g1 gc, windows-amd64)
# No core dump will be written. Minidumps are not enabled by default on client versions of Windows
#
# If you would like to submit a bug report, please visit:
#   https://bugreport.java.com/bugreport/crash.jsp
#

---------------  S U M M A R Y ------------

Command Line: -agentlib:jdwp=transport=dt_socket,server=n,suspend=y,address=localhost:59920 -XX:+ShowCodeDetailsInExceptionMessages -Dfile.encoding=UTF-8 com.planview.lkutility.Main -e -f ..\export.xlsx -x 4

Host: Intel(R) Core(TM) i7-10610U CPU @ 1.80GHz, 8 cores, 15G,  Windows 10 , 64 bit Build 19041 (10.0.19041.1151)
Time: Fri Aug 13 10:03:06 2021 GMT Summer Time elapsed time: 283.902740 seconds (0d 0h 4m 43s)

---------------  T H R E A D  ---------------

Current thread (0x000001e7ad8d5bd0):  VMThread "VM Thread" [stack: 0x0000008f73d00000,0x0000008f73e00000] [id=19252]

Stack: [0x0000008f73d00000,0x0000008f73e00000]
Native frames: (J=compiled Java code, j=interpreted, Vv=VM code, C=native code)
V  [jvm.dll+0x6687ca]
V  [jvm.dll+0x7ca3c9]
V  [jvm.dll+0x7cbb53]
V  [jvm.dll+0x7cc167]
V  [jvm.dll+0x242c03]
V  [jvm.dll+0x3312e9]
V  [jvm.dll+0x32e094]
V  [jvm.dll+0x32d27b]
V  [jvm.dll+0x32c627]
V  [jvm.dll+0x6572ce]
V  [jvm.dll+0x656fd3]
V  [jvm.dll+0x61c848]
V  [jvm.dll+0x7c1e55]
V  [jvm.dll+0x520b76]
V  [jvm.dll+0x7d05eb]
V  [jvm.dll+0x7d12e4]
V  [jvm.dll+0x7d17e9]
V  [jvm.dll+0x7d1aa4]
V  [jvm.dll+0x7d1b70]
V  [jvm.dll+0x779b4a]
V  [jvm.dll+0x667666]
C  [ucrtbase.dll+0x21bb2]
C  [KERNEL32.DLL+0x17034]
C  [ntdll.dll+0x52651]

VM_Operation (0x0000008f747fef70): get/set locals, mode: safepoint, requested by thread 0x000001e7ae541350


---------------  P R O C E S S  ---------------

Threads class SMR info:
_java_thread_list=0x000001e7af7fb140, length=15, elements={
0x000001e78aee3120, 0x000001e7ad8de830, 0x000001e7ad8df6f0, 0x000001e7ad8f0a10,
0x000001e7ad8f1610, 0x000001e7ad8f4020, 0x000001e7ad8f9330, 0x000001e7ad8fa110,
0x000001e7ad8fac00, 0x000001e7ad901a60, 0x000001e7ae541350, 0x000001e7ae542430,
0x000001e7ae545d90, 0x000001e7ae54d8e0, 0x000001e7ae54e2e0
}

Java Threads: ( => current thread )
  0x000001e78aee3120 JavaThread "main" [_thread_blocked, id=18992, stack(0x0000008f73700000,0x0000008f73800000)]
  0x000001e7ad8de830 JavaThread "Reference Handler" daemon [_thread_blocked, id=2724, stack(0x0000008f73e00000,0x0000008f73f00000)]
  0x000001e7ad8df6f0 JavaThread "Finalizer" daemon [_thread_blocked, id=15644, stack(0x0000008f73f00000,0x0000008f74000000)]
  0x000001e7ad8f0a10 JavaThread "Signal Dispatcher" daemon [_thread_blocked, id=10756, stack(0x0000008f74000000,0x0000008f74100000)]
  0x000001e7ad8f1610 JavaThread "Attach Listener" daemon [_thread_blocked, id=18864, stack(0x0000008f74100000,0x0000008f74200000)]
  0x000001e7ad8f4020 JavaThread "Service Thread" daemon [_thread_blocked, id=11336, stack(0x0000008f74200000,0x0000008f74300000)]
  0x000001e7ad8f9330 JavaThread "Monitor Deflation Thread" daemon [_thread_blocked, id=10016, stack(0x0000008f74300000,0x0000008f74400000)]
  0x000001e7ad8fa110 JavaThread "C2 CompilerThread0" daemon [_thread_blocked, id=10588, stack(0x0000008f74400000,0x0000008f74500000)]
  0x000001e7ad8fac00 JavaThread "C1 CompilerThread0" daemon [_thread_blocked, id=17360, stack(0x0000008f74500000,0x0000008f74600000)]
  0x000001e7ad901a60 JavaThread "Sweeper thread" daemon [_thread_blocked, id=10372, stack(0x0000008f74600000,0x0000008f74700000)]
  0x000001e7ae541350 JavaThread "JDWP Transport Listener: dt_socket" daemon [_thread_blocked, id=14316, stack(0x0000008f74700000,0x0000008f74800000)]
  0x000001e7ae542430 JavaThread "JDWP Event Helper Thread" daemon [_thread_blocked, id=13648, stack(0x0000008f74800000,0x0000008f74900000)]
  0x000001e7ae545d90 JavaThread "JDWP Command Reader" daemon [_thread_in_native, id=18296, stack(0x0000008f74900000,0x0000008f74a00000)]
  0x000001e7ae54d8e0 JavaThread "Notification Thread" daemon [_thread_blocked, id=2880, stack(0x0000008f74a00000,0x0000008f74b00000)]
  0x000001e7ae54e2e0 JavaThread "Common-Cleaner" daemon [_thread_blocked, id=13368, stack(0x0000008f74c00000,0x0000008f74d00000)]

Other Threads:
=>0x000001e7ad8d5bd0 VMThread "VM Thread" [stack: 0x0000008f73d00000,0x0000008f73e00000] [id=19252]
  0x000001e7ae54dff0 WatcherThread [stack: 0x0000008f74b00000,0x0000008f74c00000] [id=14040]
  0x000001e78af3b9e0 GCTaskThread "GC Thread#0" [stack: 0x0000008f73800000,0x0000008f73900000] [id=16520]
  0x000001e7aee3a530 GCTaskThread "GC Thread#1" [stack: 0x0000008f74e00000,0x0000008f74f00000] [id=14344]
  0x000001e7aede15c0 GCTaskThread "GC Thread#2" [stack: 0x0000008f74f00000,0x0000008f75000000] [id=14648]
  0x000001e7aedef2d0 GCTaskThread "GC Thread#3" [stack: 0x0000008f75000000,0x0000008f75100000] [id=20452]
  0x000001e7aedef5e0 GCTaskThread "GC Thread#4" [stack: 0x0000008f75100000,0x0000008f75200000] [id=15664]
  0x000001e7aedef8f0 GCTaskThread "GC Thread#5" [stack: 0x0000008f75200000,0x0000008f75300000] [id=12112]
  0x000001e7ae555d30 GCTaskThread "GC Thread#6" [stack: 0x0000008f75300000,0x0000008f75400000] [id=15764]
  0x000001e7ae556040 GCTaskThread "GC Thread#7" [stack: 0x0000008f75400000,0x0000008f75500000] [id=9764]
  0x000001e78af4d570 ConcurrentGCThread "G1 Main Marker" [stack: 0x0000008f73900000,0x0000008f73a00000] [id=16136]
  0x000001e78af4e780 ConcurrentGCThread "G1 Conc#0" [stack: 0x0000008f73a00000,0x0000008f73b00000] [id=20296]
  0x000001e7afde57a0 ConcurrentGCThread "G1 Conc#1" [stack: 0x0000008f74d00000,0x0000008f74e00000] [id=16984]
  0x000001e78afbd8e0 ConcurrentGCThread "G1 Refine#0" [stack: 0x0000008f73b00000,0x0000008f73c00000] [id=12548]
  0x000001e78afbe360 ConcurrentGCThread "G1 Service" [stack: 0x0000008f73c00000,0x0000008f73d00000] [id=14008]

Threads with active compile tasks:

VM state: at safepoint (normal execution)

VM Mutex/Monitor currently owned by a thread:  ([mutex/lock_event])
[0x000001e78aee0f20] Threads_lock - owner thread: 0x000001e7ad8d5bd0

Heap address: 0x0000000705400000, size: 4012 MB, Compressed Oops mode: Zero based, Oop shift amount: 3

CDS archive(s) mapped at: [0x0000000800000000-0x0000000800bb0000-0x0000000800bb0000), size 12255232, SharedBaseAddress: 0x0000000800000000, ArchiveRelocationMode: 0.
Compressed class space mapped at: 0x0000000800c00000-0x0000000840c00000, reserved size: 1073741824
Narrow klass base: 0x0000000800000000, Narrow klass shift: 3, Narrow klass range: 0x100000000

GC Precious Log:
 CPUs: 8 total, 8 available
 Memory: 16047M
 Large Page Support: Disabled
 NUMA Support: Disabled
 Compressed Oops: Enabled (Zero based)
 Heap Region Size: 2M
 Heap Min Capacity: 8M
 Heap Initial Capacity: 252M
 Heap Max Capacity: 4012M
 Pre-touch: Disabled
 Parallel Workers: 8
 Concurrent Workers: 2
 Concurrent Refinement Workers: 8
 Periodic GC: Disabled

Heap:
 garbage-first heap   total 61440K, used 19293K [0x0000000705400000, 0x0000000800000000)
  region size 2048K, 6 young (12288K), 2 survivors (4096K)
 Metaspace       used 21871K, committed 22080K, reserved 1073152K
  class space    used 2471K, committed 2560K, reserved 1048576K

Heap Regions: E=young(eden), S=young(survivor), O=old, HS=humongous(starts), HC=humongous(continues), CS=collection set, F=free, OA=open archive, CA=closed archive, TAMS=top-at-mark-start (previous, next)
|   0|0x0000000705400000, 0x0000000705600000, 0x0000000705600000|100%| O|  |TAMS 0x0000000705600000, 0x0000000705400000| Untracked 
|   1|0x0000000705600000, 0x0000000705800000, 0x0000000705800000|100%| O|  |TAMS 0x0000000705800000, 0x0000000705600000| Untracked 
|   2|0x0000000705800000, 0x0000000705a00000, 0x0000000705a00000|100%| O|  |TAMS 0x0000000705a00000, 0x0000000705800000| Untracked 
|   3|0x0000000705a00000, 0x0000000705c00000, 0x0000000705c00000|100%| O|  |TAMS 0x0000000705a8ec00, 0x0000000705a00000| Untracked 
|   4|0x0000000705c00000, 0x0000000705e00000, 0x0000000705e00000|100%| O|  |TAMS 0x0000000705c00000, 0x0000000705c00000| Untracked 
|   5|0x0000000705e00000, 0x0000000705e9ce00, 0x0000000706000000| 30%| O|  |TAMS 0x0000000705e00000, 0x0000000705e00000| Untracked 
|   6|0x0000000706000000, 0x0000000706000000, 0x0000000706200000|  0%| F|  |TAMS 0x0000000706000000, 0x0000000706000000| Untracked 
|   7|0x0000000706200000, 0x0000000706200000, 0x0000000706400000|  0%| F|  |TAMS 0x0000000706200000, 0x0000000706200000| Untracked 
|   8|0x0000000706400000, 0x0000000706400000, 0x0000000706600000|  0%| F|  |TAMS 0x0000000706400000, 0x0000000706400000| Untracked 
|   9|0x0000000706600000, 0x0000000706600000, 0x0000000706800000|  0%| F|  |TAMS 0x0000000706600000, 0x0000000706600000| Untracked 
|  10|0x0000000706800000, 0x0000000706800000, 0x0000000706a00000|  0%| F|  |TAMS 0x0000000706800000, 0x0000000706800000| Untracked 
|  11|0x0000000706a00000, 0x0000000706a00000, 0x0000000706c00000|  0%| F|  |TAMS 0x0000000706a00000, 0x0000000706a00000| Untracked 
|  12|0x0000000706c00000, 0x0000000706c00000, 0x0000000706e00000|  0%| F|  |TAMS 0x0000000706c00000, 0x0000000706c00000| Untracked 
|  13|0x0000000706e00000, 0x0000000706e00000, 0x0000000707000000|  0%| F|  |TAMS 0x0000000706e00000, 0x0000000706e00000| Untracked 
|  14|0x0000000707000000, 0x0000000707000000, 0x0000000707200000|  0%| F|  |TAMS 0x0000000707000000, 0x0000000707000000| Untracked 
|  15|0x0000000707200000, 0x0000000707200000, 0x0000000707400000|  0%| F|  |TAMS 0x0000000707200000, 0x0000000707200000| Untracked 
|  16|0x0000000707400000, 0x0000000707400000, 0x0000000707600000|  0%| F|  |TAMS 0x0000000707400000, 0x0000000707400000| Untracked 
|  17|0x0000000707600000, 0x0000000707600000, 0x0000000707800000|  0%| F|  |TAMS 0x0000000707600000, 0x0000000707600000| Untracked 
|  18|0x0000000707800000, 0x0000000707800000, 0x0000000707a00000|  0%| F|  |TAMS 0x0000000707800000, 0x0000000707800000| Untracked 
|  19|0x0000000707a00000, 0x0000000707a00000, 0x0000000707c00000|  0%| F|  |TAMS 0x0000000707a00000, 0x0000000707a00000| Untracked 
|  20|0x0000000707c00000, 0x0000000707c00000, 0x0000000707e00000|  0%| F|  |TAMS 0x0000000707c00000, 0x0000000707c00000| Untracked 
|  21|0x0000000707e00000, 0x0000000707e00000, 0x0000000708000000|  0%| F|  |TAMS 0x0000000707e00000, 0x0000000707e00000| Untracked 
|  22|0x0000000708000000, 0x0000000708000000, 0x0000000708200000|  0%| F|  |TAMS 0x0000000708000000, 0x0000000708000000| Untracked 
|  23|0x0000000708200000, 0x0000000708200000, 0x0000000708400000|  0%| F|  |TAMS 0x0000000708200000, 0x0000000708200000| Untracked 
|  24|0x0000000708400000, 0x0000000708600000, 0x0000000708600000|100%| E|  |TAMS 0x0000000708400000, 0x0000000708400000| Complete 
|  25|0x0000000708600000, 0x0000000708800000, 0x0000000708800000|100%| E|CS|TAMS 0x0000000708600000, 0x0000000708600000| Complete 
|  26|0x0000000708800000, 0x0000000708a00000, 0x0000000708a00000|100%| E|CS|TAMS 0x0000000708800000, 0x0000000708800000| Complete 
| 107|0x0000000712a00000, 0x0000000712a3a848, 0x0000000712c00000| 11%| S|CS|TAMS 0x0000000712a00000, 0x0000000712a00000| Complete 
| 108|0x0000000712c00000, 0x0000000712e00000, 0x0000000712e00000|100%| S|CS|TAMS 0x0000000712c00000, 0x0000000712c00000| Complete 
| 125|0x0000000714e00000, 0x0000000715000000, 0x0000000715000000|100%| E|CS|TAMS 0x0000000714e00000, 0x0000000714e00000| Complete 

Card table byte_map: [0x000001e7a2170000,0x000001e7a2950000] _byte_map_base: 0x000001e79e946000

Marking Bits (Prev, Next): (CMBitMap*) 0x000001e78af3c110, (CMBitMap*) 0x000001e78af3c0d0
 Prev Bits: [0x000001e7a6fe0000, 0x000001e7aae90000)
 Next Bits: [0x000001e7a3130000, 0x000001e7a6fe0000)

Polling page: 0x000001e788e50000

Metaspace:

Usage:
  Non-class:     18.95 MB used.
      Class:      2.41 MB used.
       Both:     21.36 MB used.

Virtual space:
  Non-class space:       24.00 MB reserved,      19.06 MB ( 79%) committed,  3 nodes.
      Class space:        1.00 GB reserved,       2.50 MB ( <1%) committed,  1 nodes.
              Both:        1.02 GB reserved,      21.56 MB (  2%) committed. 

Chunk freelists:
   Non-Class:  976.00 KB
       Class:  1.34 MB
        Both:  2.30 MB

MaxMetaspaceSize: 17179869184.00 GB
CompressedClassSpaceSize: 1.00 GB
 - commit_granule_bytes: 65536.
 - commit_granule_words: 8192.
 - virtual_space_node_default_size: 1048576.
 - enlarge_chunks_in_place: 1.
 - new_chunks_are_fully_committed: 0.
 - uncommit_free_chunks: 1.
 - use_allocation_guard: 0.
 - handle_deallocations: 1.


Internal statistics:

num_allocs_failed_limit: 3.
num_arena_births: 102.
num_arena_deaths: 0.
num_vsnodes_births: 4.
num_vsnodes_deaths: 0.
num_space_committed: 345.
num_space_uncommitted: 0.
num_chunks_returned_to_freelist: 3.
num_chunks_taken_from_freelist: 580.
num_chunk_merges: 3.
num_chunk_splits: 447.
num_chunks_enlarged: 371.
num_purges: 0.

CodeHeap 'non-profiled nmethods': size=120000Kb used=1049Kb max_used=1049Kb free=118950Kb
 bounds [0x000001e79a130000, 0x000001e79a3a0000, 0x000001e7a1660000]
CodeHeap 'profiled nmethods': size=120000Kb used=4765Kb max_used=4765Kb free=115235Kb
 bounds [0x000001e792c00000, 0x000001e7930b0000, 0x000001e79a130000]
CodeHeap 'non-nmethods': size=5760Kb used=1326Kb max_used=1351Kb free=4433Kb
 bounds [0x000001e792660000, 0x000001e7928d0000, 0x000001e792c00000]
 total_blobs=2865 nmethods=2307 adapters=470
 compilation: enabled
              stopped_count=0, restarted_count=0
 full_count=0

Compilation events (20 events):
Event: 8.084 Thread 0x000001e7ad8fa110 2298       4       com.sun.crypto.provider.GHASH::blockMult (245 bytes)
Event: 8.085 Thread 0x000001e7ad8fac00 2299       3       java.lang.CharacterDataLatin1::getType (11 bytes)
Event: 8.085 Thread 0x000001e7ad8fac00 nmethod 2299 0x000001e7930a2d10 code [0x000001e7930a2ec0, 0x000001e7930a3078]
Event: 8.085 Thread 0x000001e7ad8fac00 2300       3       java.lang.Integer::toString (55 bytes)
Event: 8.086 Thread 0x000001e7ad8fac00 nmethod 2300 0x000001e7930a3190 code [0x000001e7930a3360, 0x000001e7930a36f8]
Event: 8.087 Thread 0x000001e7ad8fac00 2301       3       org.apache.http.util.CharArrayBuffer::charAt (7 bytes)
Event: 8.087 Thread 0x000001e7ad8fac00 nmethod 2301 0x000001e7930a3890 code [0x000001e7930a3a20, 0x000001e7930a3b58]
Event: 8.089 Thread 0x000001e7ad8fac00 2304       3       java.math.BigInteger::<init> (8 bytes)
Event: 8.090 Thread 0x000001e7ad8fac00 nmethod 2304 0x000001e7930a3c10 code [0x000001e7930a3dc0, 0x000001e7930a3f08]
Event: 8.090 Thread 0x000001e7ad8fac00 2305       3       org.json.JSONObject::isDecimalNotation (46 bytes)
Event: 8.090 Thread 0x000001e7ad8fac00 nmethod 2305 0x000001e7930a3f90 code [0x000001e7930a4200, 0x000001e7930a4ba8]
Event: 8.093 Thread 0x000001e7ad8fa110 nmethod 2298 0x000001e79a233c10 code [0x000001e79a233da0, 0x000001e79a234398]
Event: 8.093 Thread 0x000001e7ad8fa110 2302       4       com.sun.crypto.provider.GHASH::getLong (41 bytes)
Event: 8.096 Thread 0x000001e7ad8fa110 nmethod 2302 0x000001e79a234590 code [0x000001e79a234720, 0x000001e79a234918]
Event: 8.096 Thread 0x000001e7ad8fa110 2303       4       sun.nio.cs.UTF_8$Decoder::decodeArrayLoop (691 bytes)
Event: 8.116 Thread 0x000001e7ad8fa110 nmethod 2303 0x000001e79a234a10 code [0x000001e79a234c20, 0x000001e79a235b90]
Event: 8.257 Thread 0x000001e7ad8fac00 2306       3       org.json.JSONObject::numberToString (97 bytes)
Event: 8.258 Thread 0x000001e7ad8fac00 nmethod 2306 0x000001e7930a4e90 code [0x000001e7930a5240, 0x000001e7930a68f8]
Event: 8.258 Thread 0x000001e7ad8fac00 2307       3       java.lang.Integer::toString (8 bytes)
Event: 8.258 Thread 0x000001e7ad8fac00 nmethod 2307 0x000001e7930a7090 code [0x000001e7930a7240, 0x000001e7930a7388]

GC Heap History (6 events):
Event: 0.412 GC heap before
{Heap before GC invocations=0 (full 0):
 garbage-first heap   total 258048K, used 20480K [0x0000000705400000, 0x0000000800000000)
  region size 2048K, 11 young (22528K), 0 survivors (0K)
 Metaspace       used 4111K, committed 4352K, reserved 1056768K
  class space    used 395K, committed 512K, reserved 1048576K
}
Event: 0.415 GC heap after
{Heap after GC invocations=1 (full 0):
 garbage-first heap   total 258048K, used 7205K [0x0000000705400000, 0x0000000800000000)
  region size 2048K, 2 young (4096K), 2 survivors (4096K)
 Metaspace       used 4111K, committed 4352K, reserved 1056768K
  class space    used 395K, committed 512K, reserved 1048576K
}
Event: 0.774 GC heap before
{Heap before GC invocations=1 (full 0):
 garbage-first heap   total 258048K, used 29733K [0x0000000705400000, 0x0000000800000000)
  region size 2048K, 13 young (26624K), 2 survivors (4096K)
 Metaspace       used 10716K, committed 10880K, reserved 1064960K
  class space    used 1159K, committed 1216K, reserved 1048576K
}
Event: 0.777 GC heap after
{Heap after GC invocations=2 (full 0):
 garbage-first heap   total 258048K, used 10811K [0x0000000705400000, 0x0000000800000000)
  region size 2048K, 2 young (4096K), 2 survivors (4096K)
 Metaspace       used 10716K, committed 10880K, reserved 1064960K
  class space    used 1159K, committed 1216K, reserved 1048576K
}
Event: 4.202 GC heap before
{Heap before GC invocations=2 (full 0):
 garbage-first heap   total 258048K, used 39483K [0x0000000705400000, 0x0000000800000000)
  region size 2048K, 17 young (34816K), 2 survivors (4096K)
 Metaspace       used 21080K, committed 21248K, reserved 1073152K
  class space    used 2378K, committed 2496K, reserved 1048576K
}
Event: 4.205 GC heap after
{Heap after GC invocations=3 (full 0):
 garbage-first heap   total 258048K, used 13149K [0x0000000705400000, 0x0000000800000000)
  region size 2048K, 2 young (4096K), 2 survivors (4096K)
 Metaspace       used 21080K, committed 21248K, reserved 1073152K
  class space    used 2378K, committed 2496K, reserved 1048576K
}

Deoptimization events (20 events):
Event: 1.684 Thread 0x000001e78aee3120 Uncommon trap: trap_request=0xffffffc6 fr.pc=0x000001e79a205490 relative=0x0000000000000250
Event: 1.684 Thread 0x000001e78aee3120 Uncommon trap: reason=bimorphic_or_optimized_type_check action=maybe_recompile pc=0x000001e79a205490 method=java.util.regex.Pattern$Branch.match(Ljava/util/regex/Matcher;ILjava/lang/CharSequence;)Z @ 32 c2
Event: 1.684 Thread 0x000001e78aee3120 DEOPT PACKING pc=0x000001e79a205490 sp=0x0000008f737fdba0
Event: 1.684 Thread 0x000001e78aee3120 DEOPT UNPACKING pc=0x000001e7926ad72e sp=0x0000008f737fdb30 mode 2
Event: 1.684 Thread 0x000001e78aee3120 Uncommon trap: trap_request=0xffffffc6 fr.pc=0x000001e79a205490 relative=0x0000000000000250
Event: 1.684 Thread 0x000001e78aee3120 Uncommon trap: reason=bimorphic_or_optimized_type_check action=maybe_recompile pc=0x000001e79a205490 method=java.util.regex.Pattern$Branch.match(Ljava/util/regex/Matcher;ILjava/lang/CharSequence;)Z @ 32 c2
Event: 1.684 Thread 0x000001e78aee3120 DEOPT PACKING pc=0x000001e79a205490 sp=0x0000008f737fdba0
Event: 1.684 Thread 0x000001e78aee3120 DEOPT UNPACKING pc=0x000001e7926ad72e sp=0x0000008f737fdb30 mode 2
Event: 8.084 Thread 0x000001e78aee3120 DEOPT PACKING pc=0x000001e79301d56f sp=0x0000008f737fd830
Event: 8.084 Thread 0x000001e78aee3120 DEOPT UNPACKING pc=0x000001e7926adece sp=0x0000008f737fcc70 mode 0
Event: 8.088 Thread 0x000001e78aee3120 DEOPT PACKING pc=0x000001e79301d5a2 sp=0x0000008f737fdba0
Event: 8.088 Thread 0x000001e78aee3120 DEOPT UNPACKING pc=0x000001e7926adece sp=0x0000008f737fcfe0 mode 0
Event: 8.088 Thread 0x000001e78aee3120 DEOPT PACKING pc=0x000001e79301d56f sp=0x0000008f737fdba0
Event: 8.088 Thread 0x000001e78aee3120 DEOPT UNPACKING pc=0x000001e7926adece sp=0x0000008f737fcfe0 mode 0
Event: 8.088 Thread 0x000001e78aee3120 DEOPT PACKING pc=0x000001e79301d5a2 sp=0x0000008f737fdba0
Event: 8.088 Thread 0x000001e78aee3120 DEOPT UNPACKING pc=0x000001e7926adece sp=0x0000008f737fcfe0 mode 0
Event: 8.088 Thread 0x000001e78aee3120 DEOPT PACKING pc=0x000001e79301d56f sp=0x0000008f737fdba0
Event: 8.088 Thread 0x000001e78aee3120 DEOPT UNPACKING pc=0x000001e7926adece sp=0x0000008f737fcfe0 mode 0
Event: 8.089 Thread 0x000001e78aee3120 DEOPT PACKING pc=0x000001e792d8ba02 sp=0x0000008f737fe870
Event: 8.089 Thread 0x000001e78aee3120 DEOPT UNPACKING pc=0x000001e7926adece sp=0x0000008f737fde40 mode 0

Classes unloaded (0 events):
No events

Classes redefined (1 events):
Event: 283.743 Thread 0x000001e7ad8d5bd0 redefined class name=com.planview.lkutility.leankit.LeanKitAccess, count=1

Internal exceptions (20 events):
Event: 0.299 Thread 0x000001e78aee3120 Exception <a 'java/lang/NoSuchMethodError'{0x000000071413ea48}: 'int java.lang.invoke.DirectMethodHandle$Holder.invokeStaticInit(java.lang.Object, java.lang.Object, java.lang.Object, java.lang.Object)'> (0x000000071413ea48) 
thrown [t:\workspace\open\src\hotspot\share\interpreter\linkResolver.cpp, line 790]
Event: 0.300 Thread 0x000001e78aee3120 Exception <a 'java/lang/NoSuchMethodError'{0x0000000714149a70}: 'java.lang.Object java.lang.invoke.DirectMethodHandle$Holder.invokeInterface(java.lang.Object, java.lang.Object)'> (0x0000000714149a70) 
thrown [t:\workspace\open\src\hotspot\share\interpreter\linkResolver.cpp, line 790]
Event: 0.300 Thread 0x000001e78aee3120 Exception <a 'java/lang/IncompatibleClassChangeError'{0x000000071414d590}: Found class java.lang.Object, but interface was expected> (0x000000071414d590) 
thrown [t:\workspace\open\src\hotspot\share\interpreter\linkResolver.cpp, line 857]
Event: 0.301 Thread 0x000001e78aee3120 Exception <a 'java/lang/NoSuchMethodError'{0x0000000714150988}: 'void java.lang.invoke.DirectMethodHandle$Holder.invokeStatic(java.lang.Object, java.lang.Object)'> (0x0000000714150988) 
thrown [t:\workspace\open\src\hotspot\share\interpreter\linkResolver.cpp, line 790]
Event: 0.301 Thread 0x000001e78aee3120 Exception <a 'java/lang/NoSuchMethodError'{0x00000007141546e8}: 'void java.lang.invoke.DirectMethodHandle$Holder.invokeStaticInit(java.lang.Object, java.lang.Object)'> (0x00000007141546e8) 
thrown [t:\workspace\open\src\hotspot\share\interpreter\linkResolver.cpp, line 790]
Event: 0.302 Thread 0x000001e78aee3120 Exception <a 'java/lang/NoSuchMethodError'{0x000000071415b160}: 'int java.lang.invoke.DirectMethodHandle$Holder.invokeStaticInit(java.lang.Object, java.lang.Object)'> (0x000000071415b160) 
thrown [t:\workspace\open\src\hotspot\share\interpreter\linkResolver.cpp, line 790]
Event: 0.364 Thread 0x000001e78aee3120 Exception <a 'java/lang/NoSuchMethodError'{0x0000000713af5cd0}: 'java.lang.Object java.lang.invoke.DirectMethodHandle$Holder.invokeStaticInit(java.lang.Object, int, int, int, int)'> (0x0000000713af5cd0) 
thrown [t:\workspace\open\src\hotspot\share\interpreter\linkResolver.cpp, line 790]
Event: 0.406 Thread 0x000001e78aee3120 Exception <a 'java/lang/NoSuchMethodError'{0x0000000713bc1478}: 'java.lang.Object java.lang.invoke.DirectMethodHandle$Holder.invokeStaticInit(java.lang.Object, java.lang.Object, int, int, int, int)'> (0x0000000713bc1478) 
thrown [t:\workspace\open\src\hotspot\share\interpreter\linkResolver.cpp, line 790]
Event: 0.517 Thread 0x000001e78aee3120 Exception <a 'java/lang/NoSuchMethodError'{0x00000007148b6a70}: 'java.lang.Object java.lang.invoke.DirectMethodHandle$Holder.invokeStatic(java.lang.Object, int, java.lang.Object)'> (0x00000007148b6a70) 
thrown [t:\workspace\open\src\hotspot\share\interpreter\linkResolver.cpp, line 790]
Event: 0.529 Thread 0x000001e78aee3120 Exception <a 'java/lang/NoSuchMethodError'{0x000000071497aaf0}: 'int java.lang.invoke.DirectMethodHandle$Holder.invokeStaticInit(java.lang.Object, java.lang.Object, java.lang.Object)'> (0x000000071497aaf0) 
thrown [t:\workspace\open\src\hotspot\share\interpreter\linkResolver.cpp, line 790]
Event: 0.542 Thread 0x000001e78aee3120 Exception <a 'java/lang/NoSuchMethodError'{0x00000007149f9c20}: 'void java.lang.invoke.DirectMethodHandle$Holder.invokeVirtual(java.lang.Object, java.lang.Object, java.lang.Object, java.lang.Object)'> (0x00000007149f9c20) 
thrown [t:\workspace\open\src\hotspot\share\interpreter\linkResolver.cpp, line 790]
Event: 0.555 Thread 0x000001e78aee3120 Exception <a 'java/lang/NoSuchMethodError'{0x00000007146455a8}: 'void java.lang.invoke.DirectMethodHandle$Holder.invokeStatic(java.lang.Object, java.lang.Object, java.lang.Object, int)'> (0x00000007146455a8) 
thrown [t:\workspace\open\src\hotspot\share\interpreter\linkResolver.cpp, line 790]
Event: 0.555 Thread 0x000001e78aee3120 Exception <a 'java/lang/NoSuchMethodError'{0x0000000714648c48}: 'void java.lang.invoke.DirectMethodHandle$Holder.invokeStaticInit(java.lang.Object, java.lang.Object, java.lang.Object, int)'> (0x0000000714648c48) 
thrown [t:\workspace\open\src\hotspot\share\interpreter\linkResolver.cpp, line 790]
Event: 0.577 Thread 0x000001e78aee3120 Exception <a 'java/lang/NoSuchMethodError'{0x00000007146ee988}: 'void java.lang.invoke.DirectMethodHandle$Holder.invokeInterface(java.lang.Object, java.lang.Object, java.lang.Object)'> (0x00000007146ee988) 
thrown [t:\workspace\open\src\hotspot\share\interpreter\linkResolver.cpp, line 790]
Event: 0.672 Thread 0x000001e78aee3120 Implicit null exception at 0x000001e79a169882 to 0x000001e79a16b1f4
Event: 0.685 Thread 0x000001e78aee3120 Exception <a 'java/lang/NoSuchMethodError'{0x0000000713e2f640}: 'java.lang.Object java.lang.invoke.DirectMethodHandle$Holder.invokeStaticInit(java.lang.Object)'> (0x0000000713e2f640) 
thrown [t:\workspace\open\src\hotspot\share\interpreter\linkResolver.cpp, line 790]
Event: 0.706 Thread 0x000001e78aee3120 Exception <a 'java/lang/NoSuchMethodError'{0x0000000713fcd378}: 'void java.lang.invoke.DirectMethodHandle$Holder.invokeSpecial(java.lang.Object, java.lang.Object, java.lang.Object, java.lang.Object, java.lang.Object)'> (0x0000000713fcd378) 
thrown [t:\workspace\open\src\hotspot\share\interpreter\linkResolver.cpp, line 790]
Event: 0.709 Thread 0x000001e78aee3120 Exception <a 'java/lang/NoSuchMethodError'{0x0000000713ff06b8}: 'void java.lang.invoke.DirectMethodHandle$Holder.invokeVirtual(java.lang.Object, java.lang.Object)'> (0x0000000713ff06b8) 
thrown [t:\workspace\open\src\hotspot\share\interpreter\linkResolver.cpp, line 790]
Event: 1.188 Thread 0x000001e78aee3120 Exception <a 'java/lang/NoSuchMethodError'{0x00000007143241f8}: 'void java.lang.invoke.DirectMethodHandle$Holder.invokeStatic(java.lang.Object, java.lang.Object, java.lang.Object)'> (0x00000007143241f8) 
thrown [t:\workspace\open\src\hotspot\share\interpreter\linkResolver.cpp, line 790]
Event: 1.208 Thread 0x000001e78aee3120 Implicit null exception at 0x000001e79a17042c to 0x000001e79a170602

Events (20 events):
Event: 264.575 Executing  VM operation: get/set locals done
Event: 269.466 Executing  VM operation: get/set locals
Event: 269.467 Executing  VM operation: get/set locals done
Event: 283.727 Executing  VM operation: ChangeSingleStep
Event: 283.727 Executing  VM operation: ChangeSingleStep done
Event: 283.727 Executing  VM operation: ChangeSingleStep
Event: 283.727 Executing  VM operation: ChangeSingleStep done
Event: 283.740 Executing  VM operation: RedefineClasses
Event: 283.747 Executing  VM operation: RedefineClasses done
Event: 283.749 Executing  VM operation: ChangeSingleStep
Event: 283.749 Executing  VM operation: ChangeSingleStep done
Event: 283.749 Executing  VM operation: ChangeSingleStep
Event: 283.749 Executing  VM operation: ChangeSingleStep done
Event: 283.762 Executing  VM operation: ChangeBreakpoints
Event: 283.763 Executing  VM operation: ChangeBreakpoints done
Event: 283.772 Executing  VM operation: ChangeBreakpoints
Event: 283.772 Executing  VM operation: ChangeBreakpoints done
Event: 283.772 Executing  VM operation: ChangeBreakpoints
Event: 283.773 Executing  VM operation: ChangeBreakpoints done
Event: 283.900 Executing  VM operation: get/set locals


Dynamic libraries:
0x00007ff68a1a0000 - 0x00007ff68a1b0000 	C:\Program Files\Java\jdk-16.0.1\bin\java.exe
0x00007ffcbffd0000 - 0x00007ffcc01c5000 	C:\Windows\SYSTEM32\ntdll.dll
0x00007ffcbe360000 - 0x00007ffcbe41d000 	C:\Windows\System32\KERNEL32.DLL
0x00007ffcbd810000 - 0x00007ffcbdad9000 	C:\Windows\System32\KERNELBASE.dll
0x00007ffcbdd80000 - 0x00007ffcbde80000 	C:\Windows\System32\ucrtbase.dll
0x00007ffcb0b10000 - 0x00007ffcb0b29000 	C:\Program Files\Java\jdk-16.0.1\bin\VCRUNTIME140.dll
0x00007ffcae7b0000 - 0x00007ffcae7c8000 	C:\Program Files\Java\jdk-16.0.1\bin\jli.dll
0x00007ffcbf090000 - 0x00007ffcbf13c000 	C:\Windows\System32\ADVAPI32.dll
0x00007ffcbe8d0000 - 0x00007ffcbe96e000 	C:\Windows\System32\msvcrt.dll
0x00007ffcbe090000 - 0x00007ffcbe12b000 	C:\Windows\System32\sechost.dll
0x00007ffcbecd0000 - 0x00007ffcbedfa000 	C:\Windows\System32\RPCRT4.dll
0x00007ffcb0e80000 - 0x00007ffcb111a000 	C:\Windows\WinSxS\amd64_microsoft.windows.common-controls_6595b64144ccf1df_6.0.19041.1110_none_60b5254171f9507e\COMCTL32.dll
0x00007ffcbe1c0000 - 0x00007ffcbe360000 	C:\Windows\System32\USER32.dll
0x00007ffcbf6a0000 - 0x00007ffcbf6ca000 	C:\Windows\System32\GDI32.dll
0x00007ffcbded0000 - 0x00007ffcbdef2000 	C:\Windows\System32\win32u.dll
0x00007ffcbd700000 - 0x00007ffcbd80b000 	C:\Windows\System32\gdi32full.dll
0x00007ffcb30a0000 - 0x00007ffcb30aa000 	C:\Windows\SYSTEM32\VERSION.dll
0x00007ffcbdf00000 - 0x00007ffcbdf9d000 	C:\Windows\System32\msvcp_win.dll
0x00007ffcbe8a0000 - 0x00007ffcbe8d0000 	C:\Windows\System32\IMM32.DLL
0x00007ffcb8080000 - 0x00007ffcb808c000 	C:\Program Files\Java\jdk-16.0.1\bin\vcruntime140_1.dll
0x00007ffc80de0000 - 0x00007ffc80e71000 	C:\Program Files\Java\jdk-16.0.1\bin\msvcp140.dll
0x00007ffc66fe0000 - 0x00007ffc67b8b000 	C:\Program Files\Java\jdk-16.0.1\bin\server\jvm.dll
0x00007ffcbf330000 - 0x00007ffcbf338000 	C:\Windows\System32\PSAPI.DLL
0x00007ffca15b0000 - 0x00007ffca15d7000 	C:\Windows\SYSTEM32\WINMM.dll
0x00007ffcac910000 - 0x00007ffcac919000 	C:\Windows\SYSTEM32\WSOCK32.dll
0x00007ffcbeb90000 - 0x00007ffcbebfb000 	C:\Windows\System32\WS2_32.dll
0x00007ffcbbe80000 - 0x00007ffcbbe92000 	C:\Windows\SYSTEM32\kernel.appcore.dll
0x00007ffcb7ec0000 - 0x00007ffcb7eca000 	C:\Program Files\Java\jdk-16.0.1\bin\jimage.dll
0x00007ffcbac60000 - 0x00007ffcbae44000 	C:\Windows\SYSTEM32\DBGHELP.DLL
0x00007ffcb19a0000 - 0x00007ffcb19cc000 	C:\Windows\SYSTEM32\dbgcore.DLL
0x00007ffcbdfa0000 - 0x00007ffcbe023000 	C:\Windows\System32\bcryptPrimitives.dll
0x00007ffc8cdf0000 - 0x00007ffc8ce2b000 	C:\Program Files\Java\jdk-16.0.1\bin\jdwp.dll
0x00007ffc97830000 - 0x00007ffc97855000 	C:\Program Files\Java\jdk-16.0.1\bin\java.dll
0x00007ffcbf6d0000 - 0x00007ffcbfe0f000 	C:\Windows\System32\SHELL32.dll
0x00007ffcbb5f0000 - 0x00007ffcbbd80000 	C:\Windows\SYSTEM32\windows.storage.dll
0x00007ffcbf340000 - 0x00007ffcbf695000 	C:\Windows\System32\combase.dll
0x00007ffcbd160000 - 0x00007ffcbd18c000 	C:\Windows\SYSTEM32\Wldp.dll
0x00007ffcbfee0000 - 0x00007ffcbff8e000 	C:\Windows\System32\SHCORE.dll
0x00007ffcbf140000 - 0x00007ffcbf195000 	C:\Windows\System32\shlwapi.dll
0x00007ffcbd640000 - 0x00007ffcbd65f000 	C:\Windows\SYSTEM32\profapi.dll
0x00007ffcb7ea0000 - 0x00007ffcb7eac000 	C:\Program Files\Java\jdk-16.0.1\bin\dt_socket.dll
0x00007ffcbcb60000 - 0x00007ffcbcb9b000 	C:\Windows\SYSTEM32\IPHLPAPI.DLL
0x00007ffcbcec0000 - 0x00007ffcbcf2a000 	C:\Windows\system32\mswsock.dll
0x00007ffcbcba0000 - 0x00007ffcbcc6c000 	C:\Windows\SYSTEM32\DNSAPI.dll
0x00007ffcbe1b0000 - 0x00007ffcbe1b8000 	C:\Windows\System32\NSI.dll
0x00007ffcb3ad0000 - 0x00007ffcb3ada000 	C:\Windows\System32\rasadhlp.dll
0x00007ffcb2520000 - 0x00007ffcb259f000 	C:\Windows\System32\fwpuclnt.dll
0x00007ffcbdae0000 - 0x00007ffcbdb07000 	C:\Windows\System32\bcrypt.dll
0x00007ffcabae0000 - 0x00007ffcabaf9000 	C:\Program Files\Java\jdk-16.0.1\bin\net.dll
0x00007ffcbc750000 - 0x00007ffcbc858000 	C:\Windows\SYSTEM32\WINHTTP.dll
0x00007ffc97810000 - 0x00007ffc97823000 	C:\Program Files\Java\jdk-16.0.1\bin\nio.dll
0x00007ffc95cb0000 - 0x00007ffc95cc8000 	C:\Program Files\Java\jdk-16.0.1\bin\zip.dll
0x00007ffcb7e90000 - 0x00007ffcb7ea0000 	C:\Program Files\Java\jdk-16.0.1\bin\verify.dll
0x00007ffcbd0b0000 - 0x00007ffcbd0c8000 	C:\Windows\SYSTEM32\CRYPTSP.dll
0x00007ffcbc6c0000 - 0x00007ffcbc6f4000 	C:\Windows\system32\rsaenh.dll
0x00007ffcbd600000 - 0x00007ffcbd62e000 	C:\Windows\SYSTEM32\USERENV.dll
0x00007ffcbd0d0000 - 0x00007ffcbd0dc000 	C:\Windows\SYSTEM32\CRYPTBASE.dll
0x00007ffcb2ff0000 - 0x00007ffcb3007000 	C:\Windows\SYSTEM32\dhcpcsvc6.DLL
0x00007ffcb32a0000 - 0x00007ffcb32bd000 	C:\Windows\SYSTEM32\dhcpcsvc.DLL
0x00007ffcb8030000 - 0x00007ffcb803e000 	C:\Program Files\Java\jdk-16.0.1\bin\sunmscapi.dll
0x00007ffcbdb10000 - 0x00007ffcbdc6f000 	C:\Windows\System32\CRYPT32.dll
0x00007ffcbd1d0000 - 0x00007ffcbd1f7000 	C:\Windows\SYSTEM32\ncrypt.dll
0x00007ffcbd190000 - 0x00007ffcbd1cb000 	C:\Windows\SYSTEM32\NTASN1.dll

dbghelp: loaded successfully - version: 4.0.5 - missing functions: none
symbol engine: initialized successfully - sym options: 0x614 - pdb path: .;C:\Program Files\Java\jdk-16.0.1\bin;C:\Windows\SYSTEM32;C:\Windows\WinSxS\amd64_microsoft.windows.common-controls_6595b64144ccf1df_6.0.19041.1110_none_60b5254171f9507e;C:\Program Files\Java\jdk-16.0.1\bin\server

VM Arguments:
jvm_args: -agentlib:jdwp=transport=dt_socket,server=n,suspend=y,address=localhost:59920 -XX:+ShowCodeDetailsInExceptionMessages -Dfile.encoding=UTF-8 
java_command: com.planview.lkutility.Main -e -f ..\export.xlsx -x 4
java_class_path (initial): C:\Users\NikAntonelli\Planview\Development\LeanKitUtils\lkutility\target\classes;C:\Users\NikAntonelli\.m2\repository\commons-cli\commons-cli\1.4\commons-cli-1.4.jar;C:\Users\NikAntonelli\.m2\repository\org\apache\poi\poi\5.0.0\poi-5.0.0.jar;C:\Users\NikAntonelli\.m2\repository\org\slf4j\jcl-over-slf4j\1.7.30\jcl-over-slf4j-1.7.30.jar;C:\Users\NikAntonelli\.m2\repository\org\apache\commons\commons-collections4\4.4\commons-collections4-4.4.jar;C:\Users\NikAntonelli\.m2\repository\org\apache\commons\commons-math3\3.6.1\commons-math3-3.6.1.jar;C:\Users\NikAntonelli\.m2\repository\com\zaxxer\SparseBitSet\1.2\SparseBitSet-1.2.jar;C:\Users\NikAntonelli\.m2\repository\org\apache\poi\poi-ooxml\5.0.0\poi-ooxml-5.0.0.jar;C:\Users\NikAntonelli\.m2\repository\org\apache\poi\poi-ooxml-lite\5.0.0\poi-ooxml-lite-5.0.0.jar;C:\Users\NikAntonelli\.m2\repository\org\apache\xmlbeans\xmlbeans\4.0.0\xmlbeans-4.0.0.jar;C:\Users\NikAntonelli\.m2\repository\org\apache\commons\commons-compress\1.20\commons-compress-1.20.jar;C:\Users\NikAntonelli\.m2\repository\com\github\virtuald\curvesapi\1.06\curvesapi-1.06.jar;C:\Users\NikAntonelli\.m2\repository\org\bouncycastle\bcpkix-jdk15on\1.68\bcpkix-jdk15on-1.68.jar;C:\Users\NikAntonelli\.m2\repository\org\bouncycastle\bcprov-jdk15on\1.68\bcprov-jdk15on-1.68.jar;C:\Users\NikAntonelli\.m2\repository\org\apache\santuario\xmlsec\2.2.1\xmlsec-2.2.1.jar;C:\Users\NikAntonelli\.m2\repository\com\fasterxml\woodstox\woodstox-core\5.2.1\woodstox-core-5.2.1.jar;C:\Users\NikAntonelli\.m2\repository\org\codehaus\woodstox\stax2-api\4.2\stax2-api-4.2.jar;C:\Users\NikAntonelli\.m2\repository\jakarta\xml\bind\jakarta.xml.bind-api\2.3.2\jakarta.xml.bind-api-2.3.2.jar;C:\Users\NikAntonelli\.m2\repository\jakarta\activation\jakarta.activation-api\1.2.1\jakarta.activation-api-1.2.1.jar;C:\Users\NikAntonelli\.m2\repository\org\apache\xmlgraphics\batik-all\1.13\batik-all-1.13.jar;C:\Users\NikAntonelli\.m2\repository\org\apache\xmlgraphics\bat
Launcher Type: SUN_STANDARD

[Global flags]
     intx CICompilerCount                          = 4                                         {product} {ergonomic}
     uint ConcGCThreads                            = 2                                         {product} {ergonomic}
     uint G1ConcRefinementThreads                  = 8                                         {product} {ergonomic}
   size_t G1HeapRegionSize                         = 2097152                                   {product} {ergonomic}
    uintx GCDrainStackTargetSize                   = 64                                        {product} {ergonomic}
   size_t InitialHeapSize                          = 264241152                                 {product} {ergonomic}
   size_t MarkStackSize                            = 4194304                                   {product} {ergonomic}
   size_t MaxHeapSize                              = 4206886912                                {product} {ergonomic}
   size_t MaxNewSize                               = 2522873856                                {product} {ergonomic}
   size_t MinHeapDeltaBytes                        = 2097152                                   {product} {ergonomic}
   size_t MinHeapSize                              = 8388608                                   {product} {ergonomic}
    uintx NonNMethodCodeHeapSize                   = 5839372                                {pd product} {ergonomic}
    uintx NonProfiledCodeHeapSize                  = 122909434                              {pd product} {ergonomic}
    uintx ProfiledCodeHeapSize                     = 122909434                              {pd product} {ergonomic}
    uintx ReservedCodeCacheSize                    = 251658240                              {pd product} {ergonomic}
     bool SegmentedCodeCache                       = true                                      {product} {ergonomic}
     bool ShowCodeDetailsInExceptionMessages       = true                                   {manageable} {command line}
   size_t SoftMaxHeapSize                          = 4206886912                             {manageable} {ergonomic}
     bool UseCompressedClassPointers               = true                           {product lp64_product} {ergonomic}
     bool UseCompressedOops                        = true                           {product lp64_product} {ergonomic}
     bool UseG1GC                                  = true                                      {product} {ergonomic}
     bool UseLargePagesIndividualAllocation        = false                                  {pd product} {ergonomic}

Logging:
Log output configuration:
 #0: stdout all=warning uptime,level,tags
 #1: stderr all=off uptime,level,tags

Environment Variables:
JAVA_HOME=C:\Program Files\Java\jdk-16.0.1
PATH=C:\Windows\system32;C:\Windows;C:\Windows\System32\Wbem;C:\Windows\System32\WindowsPowerShell\v1.0\;C:\Windows\System32\OpenSSH\;C:\Program Files\Git\cmd;C:\Program Files\nodejs\;C:\Users\NikAntonelli\AppData\Local\Programs\Microsoft VS Code\bin;C:\Program Files\Java\jdk-16.0.1\bin;C:\Users\NikAntonelli\Planview\Tools\apache-maven-3.8.1\bin;C:\Users\NikAntonelli\AppData\Local\GitHubDesktop\bin;C:\Users\NikAntonelli\AppData\Roaming\npm;C:\Users\NikAntonelli\AppData\Local\Microsoft\WindowsApps;
USERNAME=NikAntonelli
LANG=en_GB.UTF-8
OS=Windows_NT
PROCESSOR_IDENTIFIER=Intel64 Family 6 Model 142 Stepping 12, GenuineIntel



---------------  S Y S T E M  ---------------

OS:
 Windows 10 , 64 bit Build 19041 (10.0.19041.1151)
OS uptime: 1 days 21:44 hours

CPU: total 8 (initial active 8) (4 cores per cpu, 2 threads per core) family 6 model 142 stepping 12 microcode 0xde, cx8, cmov, fxsr, ht, mmx, 3dnowpref, sse, sse2, sse3, ssse3, sse4.1, sse4.2, popcnt, lzcnt, tsc, tscinvbit, avx, avx2, aes, erms, clmul, bmi1, bmi2, adx, fma, vzeroupper, clflush, clflushopt

Memory: 4k page, system-wide physical 16047M (6155M free)
TotalPageFile size 18479M (AvailPageFile size 4242M)
current process WorkingSet (physical memory assigned to process): 96M, peak: 131M
current process commit charge ("private bytes"): 176M, peak: 383M

vm_info: Java HotSpot(TM) 64-Bit Server VM (16.0.1+9-24) for windows-amd64 JRE (16.0.1+9-24), built on Mar 26 2021 19:31:42 by "mach5one" with MS VC++ 16.7 (VS2019)

END.
